2023-11-30 19:00:36,669 - INFO - Successfully fetched URL: https://www.ultimatetennisstatistics.com/rankingsTable
2023-11-30 19:00:37,879 - INFO - Successfully fetched 50 rows from table.
2023-11-30 19:00:37,947 - INFO - Player Novak Djokovic added to list.
2023-11-30 19:00:38,007 - INFO - Player Carlos Alcaraz Garfia added to list.
2023-11-30 19:00:38,075 - INFO - Player Daniil Medvedev added to list.
2023-11-30 19:00:38,128 - INFO - Player Jannik Sinner added to list.
2023-11-30 19:00:38,182 - INFO - Player Andrey Rublev added to list.
2023-11-30 19:00:38,233 - INFO - Player Stefanos Tsitsipas added to list.
2023-11-30 19:00:38,292 - INFO - Player Alexander Zverev added to list.
2023-11-30 19:00:38,343 - INFO - Player Holger Vitus Nodskov Rune added to list.
2023-11-30 19:00:38,398 - INFO - Player Hubert Hurkacz added to list.
2023-11-30 19:00:38,447 - INFO - Player Taylor Harry Fritz added to list.
2023-11-30 19:00:38,498 - INFO - Player Casper Ruud added to list.
2023-11-30 19:00:38,556 - INFO - Player Alex De Minaur added to list.
2023-11-30 19:00:38,611 - INFO - Player Tommy Paul added to list.
2023-11-30 19:00:38,664 - INFO - Player Grigor Dimitrov added to list.
2023-11-30 19:00:38,718 - INFO - Player Karen Khachanov added to list.
2023-11-30 19:00:38,776 - INFO - Player Frances Tiafoe added to list.
2023-11-30 19:00:38,832 - INFO - Player Ben Shelton added to list.
2023-11-30 19:00:38,890 - INFO - Player Cameron Norrie added to list.
2023-11-30 19:00:38,948 - INFO - Player Nicolas Jarry added to list.
2023-11-30 19:00:39,006 - INFO - Player Ugo Humbert added to list.
2023-11-30 19:00:39,061 - INFO - Player Francisco Cerundolo added to list.
2023-11-30 19:00:39,114 - INFO - Player Adrian Mannarino added to list.
2023-11-30 19:00:39,167 - INFO - Player Tallon Griekspoor added to list.
2023-11-30 19:00:39,218 - INFO - Player Sebastian Korda added to list.
2023-11-30 19:00:39,274 - INFO - Player Jan Lennard Struff added to list.
2023-11-30 19:00:39,331 - INFO - Player Alejandro Davidovich Fokina added to list.
2023-11-30 19:00:39,385 - INFO - Player Lorenzo Musetti added to list.
2023-11-30 19:00:39,434 - INFO - Player Sebastian Baez added to list.
2023-11-30 19:00:39,485 - INFO - Player Felix Auger Aliassime added to list.
2023-11-30 19:00:39,534 - INFO - Player Tomas Martin Etcheverry added to list.
2023-11-30 19:00:39,583 - INFO - Player Jiri Lehecka added to list.
2023-11-30 19:00:39,632 - INFO - Player Alexander Bublik added to list.
2023-11-30 19:00:39,684 - INFO - Player Laslo Djere added to list.
2023-11-30 19:00:39,735 - INFO - Player Christopher Eubanks added to list.
2023-11-30 19:00:39,785 - INFO - Player Aslan Karatsev added to list.
2023-11-30 19:00:39,833 - INFO - Player Arthur Fils added to list.
2023-11-30 19:00:39,885 - INFO - Player Borna Coric added to list.
2023-11-30 19:00:39,936 - INFO - Player Daniel Evans added to list.
2023-11-30 19:00:39,988 - INFO - Player Roman Safiullin added to list.
2023-11-30 19:00:40,040 - INFO - Player Alexei Popyrin added to list.
2023-11-30 19:00:40,091 - INFO - Player Mackenzie Mcdonald added to list.
2023-11-30 19:00:40,144 - INFO - Player Andy Murray added to list.
2023-11-30 19:00:40,196 - INFO - Player Sebastian Ofner added to list.
2023-11-30 19:00:40,248 - INFO - Player Matteo Arnaldi added to list.
2023-11-30 19:00:40,319 - INFO - Player Max Purcell added to list.
2023-11-30 19:00:40,374 - INFO - Player Dusan Lajovic added to list.
2023-11-30 19:00:40,430 - INFO - Player Lorenzo Sonego added to list.
2023-11-30 19:00:40,483 - INFO - Player Yoshihito Nishioka added to list.
2023-11-30 19:00:40,533 - INFO - Player Alexander Shevchenko added to list.
2023-11-30 19:00:40,579 - INFO - Player Stan Wawrinka added to list.
2023-11-30 19:01:28,706 - INFO - Successfully fetched URL: https://www.ultimatetennisstatistics.com/headToHead
2023-11-30 19:01:32,150 - INFO - Successfully fetched information on player 1: nadal
2023-11-30 19:01:35,281 - INFO - Successfully fetched information on player 2: alexander
2023-11-30 19:02:36,276 - INFO - Successfully fetched URL: https://www.ultimatetennisstatistics.com/headToHead
2023-11-30 19:02:39,295 - INFO - Successfully fetched information on player 1: nadal
2023-11-30 19:02:42,561 - INFO - Successfully fetched information on player 2: alexander
2023-11-30 19:03:19,692 - INFO - Successfully fetched URL: https://www.ultimatetennisstatistics.com/headToHead
2023-11-30 19:03:22,766 - INFO - Successfully fetched information on player 1: alex
2023-11-30 19:03:26,023 - INFO - Successfully fetched information on player 2: nadal
